0 info it worked if it ends with ok
1 verbose cli [ 'C:\\Program Files\\nodejs\\node.exe',
1 verbose cli   'C:\\Program Files\\nodejs\\node_modules\\npm\\bin\\npm-cli.js',
1 verbose cli   'run',
1 verbose cli   'dev' ]
2 info using npm@3.10.10
3 info using node@v6.9.5
4 verbose run-script [ 'predev', 'dev', 'postdev' ]
5 info lifecycle vue-ssr-tech@1.0.0~predev: vue-ssr-tech@1.0.0
6 silly lifecycle vue-ssr-tech@1.0.0~predev: no script for predev, continuing
7 info lifecycle vue-ssr-tech@1.0.0~dev: vue-ssr-tech@1.0.0
8 verbose lifecycle vue-ssr-tech@1.0.0~dev: unsafe-perm in lifecycle true
9 verbose lifecycle vue-ssr-tech@1.0.0~dev: PATH: C:\Program Files\nodejs\node_modules\npm\bin\node-gyp-bin;E:\vue-test\vue-ssr-tech\node_modules\.bin;C:\Users\db\bin;D:\Program Files\Git\mingw64\bin;D:\Program Files\Git\usr\local\bin;D:\Program Files\Git\usr\bin;D:\Program Files\Git\usr\bin;D:\Program Files\Git\mingw64\bin;D:\Program Files\Git\usr\bin;C:\Users\db\bin;C:\WINDOWS\system32;C:\WINDOWS;C:\WINDOWS\System32\Wbem;C:\WINDOWS\System32\WindowsPowerShell\v1.0;C:\Program Files (x86)\GtkSharp\2.12\bin;C:\Program Files\nodejs;C:\Program Files\Git\cmd;C:\Program Files (x86)\kranalyzer;D:\Program Files\Git\cmd;C:\Users\db\AppData\Local\Programs\Python\Python35\Scripts;C:\Users\db\AppData\Local\Programs\Python\Python35;C:\Users\db\AppData\Roaming\npm;D:\Program Files\Microsoft VS Code\bin;D:\Program Files\Git\usr\bin\vendor_perl;D:\Program Files\Git\usr\bin\core_perl
10 verbose lifecycle vue-ssr-tech@1.0.0~dev: CWD: E:\vue-test\vue-ssr-tech
11 silly lifecycle vue-ssr-tech@1.0.0~dev: Args: [ '/d /s /c',
11 silly lifecycle   'cross-env NODE_ENV=development webpack-dev-server --config webpack.config.js' ]
12 silly lifecycle vue-ssr-tech@1.0.0~dev: Returned: code: 1  signal: null
13 info lifecycle vue-ssr-tech@1.0.0~dev: Failed to exec dev script
14 verbose stack Error: vue-ssr-tech@1.0.0 dev: `cross-env NODE_ENV=development webpack-dev-server --config webpack.config.js`
14 verbose stack Exit status 1
14 verbose stack     at EventEmitter.<anonymous> (C:\Program Files\nodejs\node_modules\npm\lib\utils\lifecycle.js:255:16)
14 verbose stack     at emitTwo (events.js:106:13)
14 verbose stack     at EventEmitter.emit (events.js:191:7)
14 verbose stack     at ChildProcess.<anonymous> (C:\Program Files\nodejs\node_modules\npm\lib\utils\spawn.js:40:14)
14 verbose stack     at emitTwo (events.js:106:13)
14 verbose stack     at ChildProcess.emit (events.js:191:7)
14 verbose stack     at maybeClose (internal/child_process.js:877:16)
14 verbose stack     at Process.ChildProcess._handle.onexit (internal/child_process.js:226:5)
15 verbose pkgid vue-ssr-tech@1.0.0
16 verbose cwd E:\vue-test\vue-ssr-tech
17 error Windows_NT 10.0.10586
18 error argv "C:\\Program Files\\nodejs\\node.exe" "C:\\Program Files\\nodejs\\node_modules\\npm\\bin\\npm-cli.js" "run" "dev"
19 error node v6.9.5
20 error npm  v3.10.10
21 error code ELIFECYCLE
22 error vue-ssr-tech@1.0.0 dev: `cross-env NODE_ENV=development webpack-dev-server --config webpack.config.js`
22 error Exit status 1
23 error Failed at the vue-ssr-tech@1.0.0 dev script 'cross-env NODE_ENV=development webpack-dev-server --config webpack.config.js'.
23 error Make sure you have the latest version of node.js and npm installed.
23 error If you do, this is most likely a problem with the vue-ssr-tech package,
23 error not with npm itself.
23 error Tell the author that this fails on your system:
23 error     cross-env NODE_ENV=development webpack-dev-server --config webpack.config.js
23 error You can get information on how to open an issue for this project with:
23 error     npm bugs vue-ssr-tech
23 error Or if that isn't available, you can get their info via:
23 error     npm owner ls vue-ssr-tech
23 error There is likely additional logging output above.
24 verbose exit [ 1, true ]
